<?xml version="1.0" encoding="UTF-8"?>
<!-- Generated by org.testng.reporters.JUnitReportReporter -->
<testsuite hostname="Aakash" failures="0" tests="2" name="testCases.tc002_MyLogin" time="6.269" errors="0" timestamp="2024-09-29T13:19:14 IST" skipped="0">
  <testcase classname="testCases.tc002_MyLogin" name="verifyMylogin" time="4.620"/>
  <testcase classname="testCases.tc002_MyLogin" name="verifyMylogin" time="1.649"/>
</testsuite> <!-- testCases.tc002_MyLogin -->
