<?xml version="1.0" encoding="UTF-8"?>
<!-- Generated by org.testng.reporters.JUnitReportReporter -->
<testsuite hostname="Aakash" failures="0" tests="2" name="testCases.tc001_AccountRegister" time="7.064" errors="0" timestamp="2024-09-29T13:19:14 IST" skipped="0">
  <testcase classname="testCases.tc001_AccountRegister" name="verifyAccRegisteration" time="1.805"/>
  <testcase classname="testCases.tc001_AccountRegister" name="verifyAccRegisteration" time="5.259"/>
</testsuite> <!-- testCases.tc001_AccountRegister -->
