<?xml version="1.0" encoding="UTF-8"?>
<testsuite xmlns:xsi="http://www.w3.org/2001/XMLSchema-instance" xsi:noNamespaceSchemaLocation="https://maven.apache.org/surefire/maven-surefire-plugin/xsd/surefire-test-report.xsd" version="3.0.2" name="TestSuite" time="25.722" tests="1" errors="0" skipped="0" failures="0">
  <properties>
    <property name="java.specification.version" value="22"/>
    <property name="sun.cpu.isalist" value="amd64"/>
    <property name="sun.jnu.encoding" value="Cp1252"/>
    <property name="java.class.path" value="E:\Neweclipseworkspace\MavenProject\target\test-classes;E:\Neweclipseworkspace\MavenProject\target\classes;C:\Users\aakash\.m2\repository\org\seleniumhq\selenium\selenium-java\4.17.0\selenium-java-4.17.0.jar;C:\Users\aakash\.m2\repository\org\seleniumhq\selenium\selenium-api\4.17.0\selenium-api-4.17.0.jar;C:\Users\aakash\.m2\repository\org\seleniumhq\selenium\selenium-chrome-driver\4.17.0\selenium-chrome-driver-4.17.0.jar;C:\Users\aakash\.m2\repository\org\seleniumhq\selenium\selenium-devtools-v119\4.17.0\selenium-devtools-v119-4.17.0.jar;C:\Users\aakash\.m2\repository\org\seleniumhq\selenium\selenium-devtools-v120\4.17.0\selenium-devtools-v120-4.17.0.jar;C:\Users\aakash\.m2\repository\org\seleniumhq\selenium\selenium-devtools-v121\4.17.0\selenium-devtools-v121-4.17.0.jar;C:\Users\aakash\.m2\repository\org\seleniumhq\selenium\selenium-devtools-v85\4.17.0\selenium-devtools-v85-4.17.0.jar;C:\Users\aakash\.m2\repository\org\seleniumhq\selenium\selenium-edge-driver\4.17.0\selenium-edge-driver-4.17.0.jar;C:\Users\aakash\.m2\repository\org\seleniumhq\selenium\selenium-firefox-driver\4.17.0\selenium-firefox-driver-4.17.0.jar;C:\Users\aakash\.m2\repository\org\seleniumhq\selenium\selenium-ie-driver\4.17.0\selenium-ie-driver-4.17.0.jar;C:\Users\aakash\.m2\repository\org\seleniumhq\selenium\selenium-safari-driver\4.17.0\selenium-safari-driver-4.17.0.jar;C:\Users\aakash\.m2\repository\org\seleniumhq\selenium\selenium-support\4.17.0\selenium-support-4.17.0.jar;C:\Users\aakash\.m2\repository\io\github\qsy7\java\modules\browser\drivers\chromedriver\0.3.3\chromedriver-0.3.3.jar;C:\Users\aakash\.m2\repository\io\github\qsy7\java\modules\browser\api\service\0.3.3\service-0.3.3.jar;C:\Users\aakash\.m2\repository\io\github\qsy7\java\modules\browser\api\model\0.3.3\model-0.3.3.jar;C:\Users\aakash\.m2\repository\io\github\qsy7\java\infrastructure\property\api\0.3.3\api-0.3.3.jar;C:\Users\aakash\.m2\repository\org\reflections\reflections\0.10.2\reflections-0.10.2.jar;C:\Users\aakash\.m2\repository\org\javassist\javassist\3.28.0-GA\javassist-3.28.0-GA.jar;C:\Users\aakash\.m2\repository\org\dom4j\dom4j\2.1.4\dom4j-2.1.4.jar;C:\Users\aakash\.m2\repository\io\github\qsy7\java\modules\identity\api\model\0.3.3\model-0.3.3.jar;C:\Users\aakash\.m2\repository\io\github\qsy7\java\modules\person\api\model\0.3.3\model-0.3.3.jar;C:\Users\aakash\.m2\repository\org\passay\passay\1.6.4\passay-1.6.4.jar;C:\Users\aakash\.m2\repository\io\github\qsy7\java\modules\serialization\api\service\0.3.3\service-0.3.3.jar;C:\Users\aakash\.m2\repository\io\github\qsy7\java\modules\serialization\api\model\0.3.3\model-0.3.3.jar;C:\Users\aakash\.m2\repository\io\github\qsy7\java\modules\keep-alive\0.3.3\keep-alive-0.3.3.jar;C:\Users\aakash\.m2\repository\io\github\qsy7\java\modules\file\modules\resources\0.3.3\resources-0.3.3.jar;C:\Users\aakash\.m2\repository\io\github\qsy7\java\infrastructure\inject\modules\cli\api\0.3.3\api-0.3.3.jar;C:\Users\aakash\.m2\repository\io\github\qsy7\java\advice\closeable\0.3.3\closeable-0.3.3.jar;C:\Users\aakash\.m2\repository\net\bytebuddy\byte-buddy-agent\1.14.11\byte-buddy-agent-1.14.11.jar;C:\Users\aakash\.m2\repository\io\github\qsy7\java\infrastructure\datastore\api\repository\0.3.3\repository-0.3.3.jar;C:\Users\aakash\.m2\repository\io\github\qsy7\java\infrastructure\datastore\api\model\0.3.3\model-0.3.3.jar;C:\Users\aakash\.m2\repository\org\datanucleus\javax.jdo\3.2.1\javax.jdo-3.2.1.jar;C:\Users\aakash\.m2\repository\org\glassfish\corba\glassfish-corba-omgapi\4.2.2\glassfish-corba-omgapi-4.2.2.jar;C:\Users\aakash\.m2\repository\org\datanucleus\datanucleus-api-jdo\6.0.1\datanucleus-api-jdo-6.0.1.jar;C:\Users\aakash\.m2\repository\org\datanucleus\datanucleus-core\6.0.6\datanucleus-core-6.0.6.jar;C:\Users\aakash\.m2\repository\org\datanucleus\datanucleus-jdo-query\6.0.1\datanucleus-jdo-query-6.0.1.jar;C:\Users\aakash\.m2\repository\javax\transaction\javax.transaction-api\1.3\javax.transaction-api-1.3.jar;C:\Users\aakash\.m2\repository\io\github\qsy7\java\modules\browser\impl\0.3.3\impl-0.3.3.jar;C:\Users\aakash\.m2\repository\io\github\qsy7\java\modules\file\api\model\0.3.3\model-0.3.3.jar;C:\Users\aakash\.m2\repository\io\github\qsy7\java\modules\file\api\service\0.3.3\service-0.3.3.jar;C:\Users\aakash\.m2\repository\io\github\qsy7\java\modules\file\impl\0.3.3\impl-0.3.3.jar;C:\Users\aakash\.m2\repository\io\github\qsy7\java\modules\compression\api\service\0.3.3\service-0.3.3.jar;C:\Users\aakash\.m2\repository\io\github\qsy7\java\modules\compression\api\model\0.3.3\model-0.3.3.jar;C:\Users\aakash\.m2\repository\org\tukaani\xz\1.9\xz-1.9.jar;C:\Users\aakash\.m2\repository\io\github\qsy7\java\modules\compression\modules\xz\impl\0.3.3\impl-0.3.3.jar;C:\Users\aakash\.m2\repository\io\github\qsy7\java\modules\encryption\api\0.3.3\api-0.3.3.jar;C:\Users\aakash\.m2\repository\io\github\qsy7\java\modules\encryption\impl\0.3.3\impl-0.3.3.jar;C:\Users\aakash\.m2\repository\org\apache\commons\commons-text\1.11.0\commons-text-1.11.0.jar;C:\Users\aakash\.m2\repository\org\apache\commons\commons-crypto\1.2.0\commons-crypto-1.2.0.jar;C:\Users\aakash\.m2\repository\net\java\dev\jna\jna\5.13.0\jna-5.13.0.jar;C:\Users\aakash\.m2\repository\com\sun\xml\bind\jaxb-impl\2.3.7\jaxb-impl-2.3.7.jar;C:\Users\aakash\.m2\repository\jakarta\xml\bind\jakarta.xml.bind-api\2.3.3\jakarta.xml.bind-api-2.3.3.jar;C:\Users\aakash\.m2\repository\com\sun\activation\jakarta.activation\1.2.2\jakarta.activation-1.2.2.jar;C:\Users\aakash\.m2\repository\io\github\qsy7\java\infrastructure\inject\core\0.3.3\core-0.3.3.jar;C:\Users\aakash\.m2\repository\jakarta\inject\jakarta.inject-api\2.0.1.MR\jakarta.inject-api-2.0.1.MR.jar;C:\Users\aakash\.m2\repository\io\github\qsy7\java\infrastructure\property\impl\0.3.3\impl-0.3.3.jar;C:\Users\aakash\.m2\repository\io\github\qsy7\java\advice\logging\api\0.3.3\api-0.3.3.jar;C:\Users\aakash\.m2\repository\jakarta\enterprise\jakarta.enterprise.cdi-api\4.1.0-M1\jakarta.enterprise.cdi-api-4.1.0-M1.jar;C:\Users\aakash\.m2\repository\jakarta\enterprise\jakarta.enterprise.lang-model\4.1.0-M1\jakarta.enterprise.lang-model-4.1.0-M1.jar;C:\Users\aakash\.m2\repository\jakarta\annotation\jakarta.annotation-api\3.0.0-M1\jakarta.annotation-api-3.0.0-M1.jar;C:\Users\aakash\.m2\repository\jakarta\el\jakarta.el-api\5.0.1\jakarta.el-api-5.0.1.jar;C:\Users\aakash\.m2\repository\jakarta\interceptor\jakarta.interceptor-api\2.2.0-M1\jakarta.interceptor-api-2.2.0-M1.jar;C:\Users\aakash\.m2\repository\io\github\qsy7\java\infrastructure\property\modules\environment\0.3.3\environment-0.3.3.jar;C:\Users\aakash\.m2\repository\io\github\qsy7\java\infrastructure\property\modules\manifest\0.3.3\manifest-0.3.3.jar;C:\Users\aakash\.m2\repository\com\jcabi\jcabi-manifests\2.1.0\jcabi-manifests-2.1.0.jar;C:\Users\aakash\.m2\repository\com\jcabi\jcabi-log\0.22.0\jcabi-log-0.22.0.jar;C:\Users\aakash\.m2\repository\org\mockito\mockito-core\4.6.1\mockito-core-4.6.1.jar;C:\Users\aakash\.m2\repository\org\objenesis\objenesis\3.2\objenesis-3.2.jar;C:\Users\aakash\.m2\repository\io\github\qsy7\java\modules\shell\api\model\0.3.3\model-0.3.3.jar;C:\Users\aakash\.m2\repository\io\github\qsy7\java\infrastructure\datastore\impl\0.3.3\impl-0.3.3.jar;C:\Users\aakash\.m2\repository\org\seleniumhq\selenium\selenium-chromium-driver\4.17.0\selenium-chromium-driver-4.17.0.jar;C:\Users\aakash\.m2\repository\com\google\auto\service\auto-service-annotations\1.1.1\auto-service-annotations-1.1.1.jar;C:\Users\aakash\.m2\repository\org\seleniumhq\selenium\selenium-json\4.17.0\selenium-json-4.17.0.jar;C:\Users\aakash\.m2\repository\org\seleniumhq\selenium\selenium-remote-driver\4.17.0\selenium-remote-driver-4.17.0.jar;C:\Users\aakash\.m2\repository\com\google\guava\guava\33.0.0-jre\guava-33.0.0-jre.jar;C:\Users\aakash\.m2\repository\com\google\guava\failureaccess\1.0.2\failureaccess-1.0.2.jar;C:\Users\aakash\.m2\repository\com\google\guava\listenablefuture\9999.0-empty-to-avoid-conflict-with-guava\listenablefuture-9999.0-empty-to-avoid-conflict-with-guava.jar;C:\Users\aakash\.m2\repository\com\google\code\findbugs\jsr305\3.0.2\jsr305-3.0.2.jar;C:\Users\aakash\.m2\repository\org\checkerframework\checker-qual\3.41.0\checker-qual-3.41.0.jar;C:\Users\aakash\.m2\repository\com\google\errorprone\error_prone_annotations\2.23.0\error_prone_annotations-2.23.0.jar;C:\Users\aakash\.m2\repository\com\google\j2objc\j2objc-annotations\2.8\j2objc-annotations-2.8.jar;C:\Users\aakash\.m2\repository\io\opentelemetry\semconv\opentelemetry-semconv\1.23.1-alpha\opentelemetry-semconv-1.23.1-alpha.jar;C:\Users\aakash\.m2\repository\io\opentelemetry\opentelemetry-api\1.34.1\opentelemetry-api-1.34.1.jar;C:\Users\aakash\.m2\repository\io\opentelemetry\opentelemetry-context\1.34.1\opentelemetry-context-1.34.1.jar;C:\Users\aakash\.m2\repository\io\opentelemetry\opentelemetry-exporter-logging\1.34.1\opentelemetry-exporter-logging-1.34.1.jar;C:\Users\aakash\.m2\repository\io\opentelemetry\opentelemetry-sdk-common\1.34.1\opentelemetry-sdk-common-1.34.1.jar;C:\Users\aakash\.m2\repository\io\opentelemetry\opentelemetry-sdk-extension-autoconfigure-spi\1.34.1\opentelemetry-sdk-extension-autoconfigure-spi-1.34.1.jar;C:\Users\aakash\.m2\repository\io\opentelemetry\opentelemetry-sdk-extension-autoconfigure\1.34.1\opentelemetry-sdk-extension-autoconfigure-1.34.1.jar;C:\Users\aakash\.m2\repository\io\opentelemetry\opentelemetry-api-events\1.34.1-alpha\opentelemetry-api-events-1.34.1-alpha.jar;C:\Users\aakash\.m2\repository\io\opentelemetry\opentelemetry-sdk-trace\1.34.1\opentelemetry-sdk-trace-1.34.1.jar;C:\Users\aakash\.m2\repository\io\opentelemetry\opentelemetry-sdk\1.34.1\opentelemetry-sdk-1.34.1.jar;C:\Users\aakash\.m2\repository\io\opentelemetry\opentelemetry-sdk-metrics\1.34.1\opentelemetry-sdk-metrics-1.34.1.jar;C:\Users\aakash\.m2\repository\io\opentelemetry\opentelemetry-extension-incubator\1.34.1-alpha\opentelemetry-extension-incubator-1.34.1-alpha.jar;C:\Users\aakash\.m2\repository\io\opentelemetry\opentelemetry-sdk-logs\1.34.1\opentelemetry-sdk-logs-1.34.1.jar;C:\Users\aakash\.m2\repository\net\bytebuddy\byte-buddy\1.14.11\byte-buddy-1.14.11.jar;C:\Users\aakash\.m2\repository\org\seleniumhq\selenium\selenium-http\4.17.0\selenium-http-4.17.0.jar;C:\Users\aakash\.m2\repository\dev\failsafe\failsafe\3.3.2\failsafe-3.3.2.jar;C:\Users\aakash\.m2\repository\org\seleniumhq\selenium\selenium-manager\4.17.0\selenium-manager-4.17.0.jar;C:\Users\aakash\.m2\repository\org\seleniumhq\selenium\selenium-os\4.17.0\selenium-os-4.17.0.jar;C:\Users\aakash\.m2\repository\org\apache\commons\commons-exec\1.3\commons-exec-1.3.jar;C:\Users\aakash\.m2\repository\com\beust\jcommander\1.27\jcommander-1.27.jar;C:\Users\aakash\.m2\repository\org\apache\poi\poi\5.3.0\poi-5.3.0.jar;C:\Users\aakash\.m2\repository\commons-codec\commons-codec\1.17.0\commons-codec-1.17.0.jar;C:\Users\aakash\.m2\repository\org\apache\commons\commons-collections4\4.4\commons-collections4-4.4.jar;C:\Users\aakash\.m2\repository\org\apache\commons\commons-math3\3.6.1\commons-math3-3.6.1.jar;C:\Users\aakash\.m2\repository\commons-io\commons-io\2.16.1\commons-io-2.16.1.jar;C:\Users\aakash\.m2\repository\com\zaxxer\SparseBitSet\1.3\SparseBitSet-1.3.jar;C:\Users\aakash\.m2\repository\org\apache\poi\poi-ooxml\5.3.0\poi-ooxml-5.3.0.jar;C:\Users\aakash\.m2\repository\org\apache\poi\poi-ooxml-lite\5.3.0\poi-ooxml-lite-5.3.0.jar;C:\Users\aakash\.m2\repository\org\apache\xmlbeans\xmlbeans\5.2.1\xmlbeans-5.2.1.jar;C:\Users\aakash\.m2\repository\org\apache\commons\commons-compress\1.26.2\commons-compress-1.26.2.jar;C:\Users\aakash\.m2\repository\com\github\virtuald\curvesapi\1.08\curvesapi-1.08.jar;C:\Users\aakash\.m2\repository\org\apache\commons\commons-lang3\3.17.0\commons-lang3-3.17.0.jar;C:\Users\aakash\.m2\repository\org\apache\logging\log4j\log4j-core\2.24.0\log4j-core-2.24.0.jar;C:\Users\aakash\.m2\repository\org\apache\logging\log4j\log4j-api\2.24.0\log4j-api-2.24.0.jar;C:\Users\aakash\.m2\repository\org\apache\logging\log4j\log4j-slf4j-impl\2.24.0\log4j-slf4j-impl-2.24.0.jar;C:\Users\aakash\.m2\repository\org\slf4j\slf4j-api\1.7.36\slf4j-api-1.7.36.jar;C:\Users\aakash\.m2\repository\org\testng\testng\7.10.2\testng-7.10.2.jar;C:\Users\aakash\.m2\repository\org\webjars\jquery\3.7.1\jquery-3.7.1.jar;"/>
    <property name="java.vm.vendor" value="Oracle Corporation"/>
    <property name="sun.arch.data.model" value="64"/>
    <property name="user.variant" value=""/>
    <property name="java.vendor.url" value="https://java.oracle.com/"/>
    <property name="user.timezone" value="Asia/Calcutta"/>
    <property name="os.name" value="Windows 11"/>
    <property name="java.vm.specification.version" value="22"/>
    <property name="sun.java.launcher" value="SUN_STANDARD"/>
    <property name="user.country" value="IN"/>
    <property name="sun.boot.library.path" value="C:\Program Files\Java\jdk-22\bin"/>
    <property name="sun.java.command" value="C:\Users\aakash\AppData\Local\Temp\surefire15516510688237024543\surefirebooter-20240929184132065_3.jar C:\Users\aakash\AppData\Local\Temp\surefire15516510688237024543 2024-09-29T18-41-31_408-jvmRun1 surefire-20240929184132065_1tmp surefire_0-20240929184132065_2tmp"/>
    <property name="jdk.debug" value="release"/>
    <property name="surefire.test.class.path" value="E:\Neweclipseworkspace\MavenProject\target\test-classes;E:\Neweclipseworkspace\MavenProject\target\classes;C:\Users\aakash\.m2\repository\org\seleniumhq\selenium\selenium-java\4.17.0\selenium-java-4.17.0.jar;C:\Users\aakash\.m2\repository\org\seleniumhq\selenium\selenium-api\4.17.0\selenium-api-4.17.0.jar;C:\Users\aakash\.m2\repository\org\seleniumhq\selenium\selenium-chrome-driver\4.17.0\selenium-chrome-driver-4.17.0.jar;C:\Users\aakash\.m2\repository\org\seleniumhq\selenium\selenium-devtools-v119\4.17.0\selenium-devtools-v119-4.17.0.jar;C:\Users\aakash\.m2\repository\org\seleniumhq\selenium\selenium-devtools-v120\4.17.0\selenium-devtools-v120-4.17.0.jar;C:\Users\aakash\.m2\repository\org\seleniumhq\selenium\selenium-devtools-v121\4.17.0\selenium-devtools-v121-4.17.0.jar;C:\Users\aakash\.m2\repository\org\seleniumhq\selenium\selenium-devtools-v85\4.17.0\selenium-devtools-v85-4.17.0.jar;C:\Users\aakash\.m2\repository\org\seleniumhq\selenium\selenium-edge-driver\4.17.0\selenium-edge-driver-4.17.0.jar;C:\Users\aakash\.m2\repository\org\seleniumhq\selenium\selenium-firefox-driver\4.17.0\selenium-firefox-driver-4.17.0.jar;C:\Users\aakash\.m2\repository\org\seleniumhq\selenium\selenium-ie-driver\4.17.0\selenium-ie-driver-4.17.0.jar;C:\Users\aakash\.m2\repository\org\seleniumhq\selenium\selenium-safari-driver\4.17.0\selenium-safari-driver-4.17.0.jar;C:\Users\aakash\.m2\repository\org\seleniumhq\selenium\selenium-support\4.17.0\selenium-support-4.17.0.jar;C:\Users\aakash\.m2\repository\io\github\qsy7\java\modules\browser\drivers\chromedriver\0.3.3\chromedriver-0.3.3.jar;C:\Users\aakash\.m2\repository\io\github\qsy7\java\modules\browser\api\service\0.3.3\service-0.3.3.jar;C:\Users\aakash\.m2\repository\io\github\qsy7\java\modules\browser\api\model\0.3.3\model-0.3.3.jar;C:\Users\aakash\.m2\repository\io\github\qsy7\java\infrastructure\property\api\0.3.3\api-0.3.3.jar;C:\Users\aakash\.m2\repository\org\reflections\reflections\0.10.2\reflections-0.10.2.jar;C:\Users\aakash\.m2\repository\org\javassist\javassist\3.28.0-GA\javassist-3.28.0-GA.jar;C:\Users\aakash\.m2\repository\org\dom4j\dom4j\2.1.4\dom4j-2.1.4.jar;C:\Users\aakash\.m2\repository\io\github\qsy7\java\modules\identity\api\model\0.3.3\model-0.3.3.jar;C:\Users\aakash\.m2\repository\io\github\qsy7\java\modules\person\api\model\0.3.3\model-0.3.3.jar;C:\Users\aakash\.m2\repository\org\passay\passay\1.6.4\passay-1.6.4.jar;C:\Users\aakash\.m2\repository\io\github\qsy7\java\modules\serialization\api\service\0.3.3\service-0.3.3.jar;C:\Users\aakash\.m2\repository\io\github\qsy7\java\modules\serialization\api\model\0.3.3\model-0.3.3.jar;C:\Users\aakash\.m2\repository\io\github\qsy7\java\modules\keep-alive\0.3.3\keep-alive-0.3.3.jar;C:\Users\aakash\.m2\repository\io\github\qsy7\java\modules\file\modules\resources\0.3.3\resources-0.3.3.jar;C:\Users\aakash\.m2\repository\io\github\qsy7\java\infrastructure\inject\modules\cli\api\0.3.3\api-0.3.3.jar;C:\Users\aakash\.m2\repository\io\github\qsy7\java\advice\closeable\0.3.3\closeable-0.3.3.jar;C:\Users\aakash\.m2\repository\net\bytebuddy\byte-buddy-agent\1.14.11\byte-buddy-agent-1.14.11.jar;C:\Users\aakash\.m2\repository\io\github\qsy7\java\infrastructure\datastore\api\repository\0.3.3\repository-0.3.3.jar;C:\Users\aakash\.m2\repository\io\github\qsy7\java\infrastructure\datastore\api\model\0.3.3\model-0.3.3.jar;C:\Users\aakash\.m2\repository\org\datanucleus\javax.jdo\3.2.1\javax.jdo-3.2.1.jar;C:\Users\aakash\.m2\repository\org\glassfish\corba\glassfish-corba-omgapi\4.2.2\glassfish-corba-omgapi-4.2.2.jar;C:\Users\aakash\.m2\repository\org\datanucleus\datanucleus-api-jdo\6.0.1\datanucleus-api-jdo-6.0.1.jar;C:\Users\aakash\.m2\repository\org\datanucleus\datanucleus-core\6.0.6\datanucleus-core-6.0.6.jar;C:\Users\aakash\.m2\repository\org\datanucleus\datanucleus-jdo-query\6.0.1\datanucleus-jdo-query-6.0.1.jar;C:\Users\aakash\.m2\repository\javax\transaction\javax.transaction-api\1.3\javax.transaction-api-1.3.jar;C:\Users\aakash\.m2\repository\io\github\qsy7\java\modules\browser\impl\0.3.3\impl-0.3.3.jar;C:\Users\aakash\.m2\repository\io\github\qsy7\java\modules\file\api\model\0.3.3\model-0.3.3.jar;C:\Users\aakash\.m2\repository\io\github\qsy7\java\modules\file\api\service\0.3.3\service-0.3.3.jar;C:\Users\aakash\.m2\repository\io\github\qsy7\java\modules\file\impl\0.3.3\impl-0.3.3.jar;C:\Users\aakash\.m2\repository\io\github\qsy7\java\modules\compression\api\service\0.3.3\service-0.3.3.jar;C:\Users\aakash\.m2\repository\io\github\qsy7\java\modules\compression\api\model\0.3.3\model-0.3.3.jar;C:\Users\aakash\.m2\repository\org\tukaani\xz\1.9\xz-1.9.jar;C:\Users\aakash\.m2\repository\io\github\qsy7\java\modules\compression\modules\xz\impl\0.3.3\impl-0.3.3.jar;C:\Users\aakash\.m2\repository\io\github\qsy7\java\modules\encryption\api\0.3.3\api-0.3.3.jar;C:\Users\aakash\.m2\repository\io\github\qsy7\java\modules\encryption\impl\0.3.3\impl-0.3.3.jar;C:\Users\aakash\.m2\repository\org\apache\commons\commons-text\1.11.0\commons-text-1.11.0.jar;C:\Users\aakash\.m2\repository\org\apache\commons\commons-crypto\1.2.0\commons-crypto-1.2.0.jar;C:\Users\aakash\.m2\repository\net\java\dev\jna\jna\5.13.0\jna-5.13.0.jar;C:\Users\aakash\.m2\repository\com\sun\xml\bind\jaxb-impl\2.3.7\jaxb-impl-2.3.7.jar;C:\Users\aakash\.m2\repository\jakarta\xml\bind\jakarta.xml.bind-api\2.3.3\jakarta.xml.bind-api-2.3.3.jar;C:\Users\aakash\.m2\repository\com\sun\activation\jakarta.activation\1.2.2\jakarta.activation-1.2.2.jar;C:\Users\aakash\.m2\repository\io\github\qsy7\java\infrastructure\inject\core\0.3.3\core-0.3.3.jar;C:\Users\aakash\.m2\repository\jakarta\inject\jakarta.inject-api\2.0.1.MR\jakarta.inject-api-2.0.1.MR.jar;C:\Users\aakash\.m2\repository\io\github\qsy7\java\infrastructure\property\impl\0.3.3\impl-0.3.3.jar;C:\Users\aakash\.m2\repository\io\github\qsy7\java\advice\logging\api\0.3.3\api-0.3.3.jar;C:\Users\aakash\.m2\repository\jakarta\enterprise\jakarta.enterprise.cdi-api\4.1.0-M1\jakarta.enterprise.cdi-api-4.1.0-M1.jar;C:\Users\aakash\.m2\repository\jakarta\enterprise\jakarta.enterprise.lang-model\4.1.0-M1\jakarta.enterprise.lang-model-4.1.0-M1.jar;C:\Users\aakash\.m2\repository\jakarta\annotation\jakarta.annotation-api\3.0.0-M1\jakarta.annotation-api-3.0.0-M1.jar;C:\Users\aakash\.m2\repository\jakarta\el\jakarta.el-api\5.0.1\jakarta.el-api-5.0.1.jar;C:\Users\aakash\.m2\repository\jakarta\interceptor\jakarta.interceptor-api\2.2.0-M1\jakarta.interceptor-api-2.2.0-M1.jar;C:\Users\aakash\.m2\repository\io\github\qsy7\java\infrastructure\property\modules\environment\0.3.3\environment-0.3.3.jar;C:\Users\aakash\.m2\repository\io\github\qsy7\java\infrastructure\property\modules\manifest\0.3.3\manifest-0.3.3.jar;C:\Users\aakash\.m2\repository\com\jcabi\jcabi-manifests\2.1.0\jcabi-manifests-2.1.0.jar;C:\Users\aakash\.m2\repository\com\jcabi\jcabi-log\0.22.0\jcabi-log-0.22.0.jar;C:\Users\aakash\.m2\repository\org\mockito\mockito-core\4.6.1\mockito-core-4.6.1.jar;C:\Users\aakash\.m2\repository\org\objenesis\objenesis\3.2\objenesis-3.2.jar;C:\Users\aakash\.m2\repository\io\github\qsy7\java\modules\shell\api\model\0.3.3\model-0.3.3.jar;C:\Users\aakash\.m2\repository\io\github\qsy7\java\infrastructure\datastore\impl\0.3.3\impl-0.3.3.jar;C:\Users\aakash\.m2\repository\org\seleniumhq\selenium\selenium-chromium-driver\4.17.0\selenium-chromium-driver-4.17.0.jar;C:\Users\aakash\.m2\repository\com\google\auto\service\auto-service-annotations\1.1.1\auto-service-annotations-1.1.1.jar;C:\Users\aakash\.m2\repository\org\seleniumhq\selenium\selenium-json\4.17.0\selenium-json-4.17.0.jar;C:\Users\aakash\.m2\repository\org\seleniumhq\selenium\selenium-remote-driver\4.17.0\selenium-remote-driver-4.17.0.jar;C:\Users\aakash\.m2\repository\com\google\guava\guava\33.0.0-jre\guava-33.0.0-jre.jar;C:\Users\aakash\.m2\repository\com\google\guava\failureaccess\1.0.2\failureaccess-1.0.2.jar;C:\Users\aakash\.m2\repository\com\google\guava\listenablefuture\9999.0-empty-to-avoid-conflict-with-guava\listenablefuture-9999.0-empty-to-avoid-conflict-with-guava.jar;C:\Users\aakash\.m2\repository\com\google\code\findbugs\jsr305\3.0.2\jsr305-3.0.2.jar;C:\Users\aakash\.m2\repository\org\checkerframework\checker-qual\3.41.0\checker-qual-3.41.0.jar;C:\Users\aakash\.m2\repository\com\google\errorprone\error_prone_annotations\2.23.0\error_prone_annotations-2.23.0.jar;C:\Users\aakash\.m2\repository\com\google\j2objc\j2objc-annotations\2.8\j2objc-annotations-2.8.jar;C:\Users\aakash\.m2\repository\io\opentelemetry\semconv\opentelemetry-semconv\1.23.1-alpha\opentelemetry-semconv-1.23.1-alpha.jar;C:\Users\aakash\.m2\repository\io\opentelemetry\opentelemetry-api\1.34.1\opentelemetry-api-1.34.1.jar;C:\Users\aakash\.m2\repository\io\opentelemetry\opentelemetry-context\1.34.1\opentelemetry-context-1.34.1.jar;C:\Users\aakash\.m2\repository\io\opentelemetry\opentelemetry-exporter-logging\1.34.1\opentelemetry-exporter-logging-1.34.1.jar;C:\Users\aakash\.m2\repository\io\opentelemetry\opentelemetry-sdk-common\1.34.1\opentelemetry-sdk-common-1.34.1.jar;C:\Users\aakash\.m2\repository\io\opentelemetry\opentelemetry-sdk-extension-autoconfigure-spi\1.34.1\opentelemetry-sdk-extension-autoconfigure-spi-1.34.1.jar;C:\Users\aakash\.m2\repository\io\opentelemetry\opentelemetry-sdk-extension-autoconfigure\1.34.1\opentelemetry-sdk-extension-autoconfigure-1.34.1.jar;C:\Users\aakash\.m2\repository\io\opentelemetry\opentelemetry-api-events\1.34.1-alpha\opentelemetry-api-events-1.34.1-alpha.jar;C:\Users\aakash\.m2\repository\io\opentelemetry\opentelemetry-sdk-trace\1.34.1\opentelemetry-sdk-trace-1.34.1.jar;C:\Users\aakash\.m2\repository\io\opentelemetry\opentelemetry-sdk\1.34.1\opentelemetry-sdk-1.34.1.jar;C:\Users\aakash\.m2\repository\io\opentelemetry\opentelemetry-sdk-metrics\1.34.1\opentelemetry-sdk-metrics-1.34.1.jar;C:\Users\aakash\.m2\repository\io\opentelemetry\opentelemetry-extension-incubator\1.34.1-alpha\opentelemetry-extension-incubator-1.34.1-alpha.jar;C:\Users\aakash\.m2\repository\io\opentelemetry\opentelemetry-sdk-logs\1.34.1\opentelemetry-sdk-logs-1.34.1.jar;C:\Users\aakash\.m2\repository\net\bytebuddy\byte-buddy\1.14.11\byte-buddy-1.14.11.jar;C:\Users\aakash\.m2\repository\org\seleniumhq\selenium\selenium-http\4.17.0\selenium-http-4.17.0.jar;C:\Users\aakash\.m2\repository\dev\failsafe\failsafe\3.3.2\failsafe-3.3.2.jar;C:\Users\aakash\.m2\repository\org\seleniumhq\selenium\selenium-manager\4.17.0\selenium-manager-4.17.0.jar;C:\Users\aakash\.m2\repository\org\seleniumhq\selenium\selenium-os\4.17.0\selenium-os-4.17.0.jar;C:\Users\aakash\.m2\repository\org\apache\commons\commons-exec\1.3\commons-exec-1.3.jar;C:\Users\aakash\.m2\repository\com\beust\jcommander\1.27\jcommander-1.27.jar;C:\Users\aakash\.m2\repository\org\apache\poi\poi\5.3.0\poi-5.3.0.jar;C:\Users\aakash\.m2\repository\commons-codec\commons-codec\1.17.0\commons-codec-1.17.0.jar;C:\Users\aakash\.m2\repository\org\apache\commons\commons-collections4\4.4\commons-collections4-4.4.jar;C:\Users\aakash\.m2\repository\org\apache\commons\commons-math3\3.6.1\commons-math3-3.6.1.jar;C:\Users\aakash\.m2\repository\commons-io\commons-io\2.16.1\commons-io-2.16.1.jar;C:\Users\aakash\.m2\repository\com\zaxxer\SparseBitSet\1.3\SparseBitSet-1.3.jar;C:\Users\aakash\.m2\repository\org\apache\poi\poi-ooxml\5.3.0\poi-ooxml-5.3.0.jar;C:\Users\aakash\.m2\repository\org\apache\poi\poi-ooxml-lite\5.3.0\poi-ooxml-lite-5.3.0.jar;C:\Users\aakash\.m2\repository\org\apache\xmlbeans\xmlbeans\5.2.1\xmlbeans-5.2.1.jar;C:\Users\aakash\.m2\repository\org\apache\commons\commons-compress\1.26.2\commons-compress-1.26.2.jar;C:\Users\aakash\.m2\repository\com\github\virtuald\curvesapi\1.08\curvesapi-1.08.jar;C:\Users\aakash\.m2\repository\org\apache\commons\commons-lang3\3.17.0\commons-lang3-3.17.0.jar;C:\Users\aakash\.m2\repository\org\apache\logging\log4j\log4j-core\2.24.0\log4j-core-2.24.0.jar;C:\Users\aakash\.m2\repository\org\apache\logging\log4j\log4j-api\2.24.0\log4j-api-2.24.0.jar;C:\Users\aakash\.m2\repository\org\apache\logging\log4j\log4j-slf4j-impl\2.24.0\log4j-slf4j-impl-2.24.0.jar;C:\Users\aakash\.m2\repository\org\slf4j\slf4j-api\1.7.36\slf4j-api-1.7.36.jar;C:\Users\aakash\.m2\repository\org\testng\testng\7.10.2\testng-7.10.2.jar;C:\Users\aakash\.m2\repository\org\webjars\jquery\3.7.1\jquery-3.7.1.jar;"/>
    <property name="sun.cpu.endian" value="little"/>
    <property name="user.home" value="C:\Users\aakash"/>
    <property name="user.language" value="en"/>
    <property name="java.specification.vendor" value="Oracle Corporation"/>
    <property name="java.version.date" value="2024-07-16"/>
    <property name="java.home" value="C:\Program Files\Java\jdk-22"/>
    <property name="file.separator" value="\"/>
    <property name="basedir" value="E:\Neweclipseworkspace\MavenProject"/>
    <property name="java.vm.compressedOopsMode" value="32-bit"/>
    <property name="line.separator" value="&#10;"/>
    <property name="java.vm.specification.vendor" value="Oracle Corporation"/>
    <property name="java.specification.name" value="Java Platform API Specification"/>
    <property name="surefire.real.class.path" value="C:\Users\aakash\AppData\Local\Temp\surefire15516510688237024543\surefirebooter-20240929184132065_3.jar"/>
    <property name="user.script" value=""/>
    <property name="sun.management.compiler" value="HotSpot 64-Bit Tiered Compilers"/>
    <property name="java.runtime.version" value="22.0.2+9-70"/>
    <property name="user.name" value="aakash"/>
    <property name="stdout.encoding" value="Cp1252"/>
    <property name="path.separator" value=";"/>
    <property name="os.version" value="10.0"/>
    <property name="java.runtime.name" value="Java(TM) SE Runtime Environment"/>
    <property name="file.encoding" value="UTF-8"/>
    <property name="java.vm.name" value="Java HotSpot(TM) 64-Bit Server VM"/>
    <property name="localRepository" value="C:\Users\aakash\.m2\repository"/>
    <property name="java.vendor.url.bug" value="https://bugreport.java.com/bugreport/"/>
    <property name="java.io.tmpdir" value="C:\Users\aakash\AppData\Local\Temp\"/>
    <property name="java.version" value="22.0.2"/>
    <property name="user.dir" value="E:\Neweclipseworkspace\MavenProject"/>
    <property name="os.arch" value="amd64"/>
    <property name="java.vm.specification.name" value="Java Virtual Machine Specification"/>
    <property name="sun.os.patch.level" value=""/>
    <property name="native.encoding" value="Cp1252"/>
    <property name="java.library.path" value="C:\Program Files\Java\jdk-22\bin;C:\WINDOWS\Sun\Java\bin;C:\WINDOWS\system32;C:\WINDOWS;C:\Program Files\Java\jdk-22\bin;C:\Program Files\Common Files\Oracle\Java\javapath;C:\Program Files\apache-maven-3.9.9\bin;C:\Program Files\Git\cmd;C:\Users\aakash\anaconda3;C:\Users\aakash\anaconda3\Library\mingw-w64\bin;C:\Users\aakash\anaconda3\Library\usr\bin;C:\Users\aakash\anaconda3\Library\bin;C:\Users\aakash\anaconda3\Scripts;C:\Users\aakash\AppData\Local\Microsoft\WindowsApps;;."/>
    <property name="java.vm.info" value="mixed mode, sharing"/>
    <property name="stderr.encoding" value="Cp1252"/>
    <property name="java.vendor" value="Oracle Corporation"/>
    <property name="java.vm.version" value="22.0.2+9-70"/>
    <property name="sun.io.unicode.encoding" value="UnicodeLittle"/>
    <property name="java.class.version" value="66.0"/>
  </properties>
  <testcase name="verifyMylogin" classname="testCases.tc002_MyLogin" time="1.553">
    <system-err><![CDATA[Sept 29, 2024 6:41:38 PM org.openqa.selenium.devtools.CdpVersionFinder findNearestMatch
WARNING: Unable to find CDP implementation matching 129
Sept 29, 2024 6:41:38 PM org.openqa.selenium.chromium.ChromiumDriver lambda$new$5
WARNING: Unable to find version of CDP to use for 129.0.6668.70. You may need to include a dependency on a specific version of the CDP using something similar to `org.seleniumhq.selenium:selenium-devtools-v86:4.17.0` where the version ("v86") matches the version of the chromium-based browser you're using and the version number of the artifact is the same as Selenium's.
]]></system-err>
  </testcase>
</testsuite>