<?xml version="1.0" encoding="UTF-8"?>
<!-- Generated by org.testng.reporters.JUnitReportReporter -->
<testsuite hostname="Aakash" failures="0" tests="1" name="testCases.tc002_MyLogin" time="1.551" errors="0" timestamp="2024-09-29T18:41:58 IST" skipped="0">
  <testcase classname="testCases.tc002_MyLogin" name="verifyMylogin" time="1.551"/>
</testsuite> <!-- testCases.tc002_MyLogin -->
